{"/Users/markpaul/Documents/Code/Research/test-repo/src/index.ts": {"path":"/Users/markpaul/Documents/Code/Research/test-repo/src/index.ts","statementMap":{"0":{"start":{"line":2,"column":4},"end":{"line":2,"column":27}},"1":{"start":{"line":1,"column":0},"end":{"line":1,"column":16}}},"fnMap":{"0":{"name":"helloWorld","decl":{"start":{"line":1,"column":16},"end":{"line":1,"column":26}},"loc":{"start":{"line":1,"column":26},"end":{"line":3,"column":1}}}},"branchMap":{},"s":{"0":1,"1":1},"f":{"0":1},"b":{}}
}
